I: Retrieving InRelease 
I: Retrieving Release 
I: Retrieving Release.gpg 
I: Checking Release signature
I: Valid Release signature (key id 75DDC3C4A499F1A18CB5F3C8CBF8D6FD518E17E1)
I: Retrieving Packages 
I: Validating Packages 
I: Resolving dependencies of required packages...
I: Resolving dependencies of base packages...
I: Found additional required dependencies: acl adduser dmsetup insserv libaudit-common libaudit1 libbz2-1.0 libcap2 libcap2-bin libcryptsetup4 libdb5.3 libdebconfclient0 libdevmapper1.02.1 libgcrypt20 libgpg-error0 libkmod2 libncursesw5 libprocps3 libsemanage-common libsemanage1 libslang2 libsystemd0 libudev1 libustr-1.0-1 procps systemd systemd-sysv udev 
I: Found additional base dependencies: debian-archive-keyring gnupg gpgv libapt-pkg4.12 libreadline6 libstdc++6 libusb-0.1-4 netbase readline-common 
I: Checking component main on http://ftp.jp.debian.org/debian...
I: Retrieving acl 2.2.52-2
I: Validating acl 2.2.52-2
I: Retrieving libacl1 2.2.52-2
I: Validating libacl1 2.2.52-2
I: Retrieving adduser 3.113+nmu3
I: Validating adduser 3.113+nmu3
I: Retrieving apt 1.0.9.8.4
I: Validating apt 1.0.9.8.4
I: Retrieving libapt-pkg4.12 1.0.9.8.4
I: Validating libapt-pkg4.12 1.0.9.8.4
I: Retrieving libattr1 1:2.4.47-2
I: Validating libattr1 1:2.4.47-2
I: Retrieving libaudit-common 1:2.4-1
I: Validating libaudit-common 1:2.4-1
I: Retrieving libaudit1 1:2.4-1+b1
I: Validating libaudit1 1:2.4-1+b1
I: Retrieving base-files 8+deb8u8
I: Validating base-files 8+deb8u8
I: Retrieving base-passwd 3.5.37
I: Validating base-passwd 3.5.37
I: Retrieving bash 4.3-11+deb8u1
I: Validating bash 4.3-11+deb8u1
I: Retrieving libbz2-1.0 1.0.6-7+b3
I: Validating libbz2-1.0 1.0.6-7+b3
I: Retrieving libdebconfclient0 0.192
I: Validating libdebconfclient0 0.192
I: Retrieving coreutils 8.23-4
I: Validating coreutils 8.23-4
I: Retrieving libcryptsetup4 2:1.6.6-5
I: Validating libcryptsetup4 2:1.6.6-5
I: Retrieving dash 0.5.7-4+b1
I: Validating dash 0.5.7-4+b1
I: Retrieving libdb5.3 5.3.28-9
I: Validating libdb5.3 5.3.28-9
I: Retrieving debconf 1.5.56
I: Validating debconf 1.5.56
I: Retrieving debconf-i18n 1.5.56
I: Validating debconf-i18n 1.5.56
I: Retrieving debian-archive-keyring 2014.3
I: Validating debian-archive-keyring 2014.3
I: Retrieving debianutils 4.4+b1
I: Validating debianutils 4.4+b1
I: Retrieving diffutils 1:3.3-1+b1
I: Validating diffutils 1:3.3-1+b1
I: Retrieving dpkg 1.17.27
I: Validating dpkg 1.17.27
I: Retrieving e2fslibs 1.42.12-2+b1
I: Validating e2fslibs 1.42.12-2+b1
I: Retrieving e2fsprogs 1.42.12-2+b1
I: Validating e2fsprogs 1.42.12-2+b1
I: Retrieving libcomerr2 1.42.12-2+b1
I: Validating libcomerr2 1.42.12-2+b1
I: Retrieving libss2 1.42.12-2+b1
I: Validating libss2 1.42.12-2+b1
I: Retrieving findutils 4.4.2-9+b1
I: Validating findutils 4.4.2-9+b1
I: Retrieving gcc-4.8-base 4.8.4-1
I: Validating gcc-4.8-base 4.8.4-1
I: Retrieving gcc-4.9-base 4.9.2-10
I: Validating gcc-4.9-base 4.9.2-10
I: Retrieving libgcc1 1:4.9.2-10
I: Validating libgcc1 1:4.9.2-10
I: Retrieving libstdc++6 4.9.2-10
I: Validating libstdc++6 4.9.2-10
I: Retrieving libc-bin 2.19-18+deb8u9
I: Validating libc-bin 2.19-18+deb8u9
I: Retrieving libc6 2.19-18+deb8u9
I: Validating libc6 2.19-18+deb8u9
I: Retrieving multiarch-support 2.19-18+deb8u9
I: Validating multiarch-support 2.19-18+deb8u9
I: Retrieving gnupg 1.4.18-7+deb8u3
I: Validating gnupg 1.4.18-7+deb8u3
I: Retrieving gpgv 1.4.18-7+deb8u3
I: Validating gpgv 1.4.18-7+deb8u3
I: Retrieving grep 2.20-4.1
I: Validating grep 2.20-4.1
I: Retrieving gzip 1.6-4
I: Validating gzip 1.6-4
I: Retrieving hostname 3.15
I: Validating hostname 3.15
I: Retrieving inetutils-ping 2:1.9.2.39.3a460-3
I: Validating inetutils-ping 2:1.9.2.39.3a460-3
I: Retrieving init 1.22
I: Validating init 1.22
I: Retrieving insserv 1.14.0-5
I: Validating insserv 1.14.0-5
I: Retrieving iproute2 3.16.0-2
I: Validating iproute2 3.16.0-2
I: Retrieving libkmod2 18-3
I: Validating libkmod2 18-3
I: Retrieving libcap2 1:2.24-8
I: Validating libcap2 1:2.24-8
I: Retrieving libcap2-bin 1:2.24-8
I: Validating libcap2-bin 1:2.24-8
I: Retrieving libgcrypt20 1.6.3-2+deb8u2
I: Validating libgcrypt20 1.6.3-2+deb8u2
I: Retrieving libgpg-error0 1.17-3
I: Validating libgpg-error0 1.17-3
I: Retrieving liblocale-gettext-perl 1.05-8+b1
I: Validating liblocale-gettext-perl 1.05-8+b1
I: Retrieving libselinux1 2.3-2
I: Validating libselinux1 2.3-2
I: Retrieving libsemanage-common 2.3-1
I: Validating libsemanage-common 2.3-1
I: Retrieving libsemanage1 2.3-1+b1
I: Validating libsemanage1 2.3-1+b1
I: Retrieving libsepol1 2.3-2
I: Validating libsepol1 2.3-2
I: Retrieving libtext-charwidth-perl 0.04-7+b3
I: Validating libtext-charwidth-perl 0.04-7+b3
I: Retrieving libtext-iconv-perl 1.7-5+b2
I: Validating libtext-iconv-perl 1.7-5+b2
I: Retrieving libtext-wrapi18n-perl 0.06-7
I: Validating libtext-wrapi18n-perl 0.06-7
I: Retrieving libusb-0.1-4 2:0.1.12-25
I: Validating libusb-0.1-4 2:0.1.12-25
I: Retrieving lsb-base 4.1+Debian13+nmu1
I: Validating lsb-base 4.1+Debian13+nmu1
I: Retrieving dmsetup 2:1.02.90-2.2+deb8u1
I: Validating dmsetup 2:1.02.90-2.2+deb8u1
I: Retrieving libdevmapper1.02.1 2:1.02.90-2.2+deb8u1
I: Validating libdevmapper1.02.1 2:1.02.90-2.2+deb8u1
I: Retrieving mawk 1.3.3-17
I: Validating mawk 1.3.3-17
I: Retrieving libncurses5 5.9+20140913-1+b1
I: Validating libncurses5 5.9+20140913-1+b1
I: Retrieving libncursesw5 5.9+20140913-1+b1
I: Validating libncursesw5 5.9+20140913-1+b1
I: Retrieving libtinfo5 5.9+20140913-1+b1
I: Validating libtinfo5 5.9+20140913-1+b1
I: Retrieving ncurses-base 5.9+20140913-1
I: Validating ncurses-base 5.9+20140913-1
I: Retrieving ncurses-bin 5.9+20140913-1+b1
I: Validating ncurses-bin 5.9+20140913-1+b1
I: Retrieving netbase 5.3
I: Validating netbase 5.3
I: Retrieving libpam-modules 1.1.8-3.1+deb8u2
I: Validating libpam-modules 1.1.8-3.1+deb8u2
I: Retrieving libpam-modules-bin 1.1.8-3.1+deb8u2
I: Validating libpam-modules-bin 1.1.8-3.1+deb8u2
I: Retrieving libpam-runtime 1.1.8-3.1+deb8u2
I: Validating libpam-runtime 1.1.8-3.1+deb8u2
I: Retrieving libpam0g 1.1.8-3.1+deb8u2
I: Validating libpam0g 1.1.8-3.1+deb8u2
I: Retrieving libpcre3 2:8.35-3.3+deb8u4
I: Validating libpcre3 2:8.35-3.3+deb8u4
I: Retrieving perl-base 5.20.2-3+deb8u6
I: Validating perl-base 5.20.2-3+deb8u6
I: Retrieving libprocps3 2:3.3.9-9
I: Validating libprocps3 2:3.3.9-9
I: Retrieving procps 2:3.3.9-9
I: Validating procps 2:3.3.9-9
I: Retrieving libreadline6 6.3-8+b3
I: Validating libreadline6 6.3-8+b3
I: Retrieving readline-common 6.3-8
I: Validating readline-common 6.3-8
I: Retrieving sed 4.2.2-4+deb8u1
I: Validating sed 4.2.2-4+deb8u1
I: Retrieving sensible-utils 0.0.9
I: Validating sensible-utils 0.0.9
I: Retrieving login 1:4.2-3+deb8u3
I: Validating login 1:4.2-3+deb8u3
I: Retrieving passwd 1:4.2-3+deb8u3
I: Validating passwd 1:4.2-3+deb8u3
I: Retrieving libslang2 2.3.0-2
I: Validating libslang2 2.3.0-2
I: Retrieving startpar 0.59-3
I: Validating startpar 0.59-3
I: Retrieving libsystemd0 215-17+deb8u7
I: Validating libsystemd0 215-17+deb8u7
I: Retrieving libudev1 215-17+deb8u7
I: Validating libudev1 215-17+deb8u7
I: Retrieving systemd 215-17+deb8u7
I: Validating systemd 215-17+deb8u7
I: Retrieving systemd-sysv 215-17+deb8u7
I: Validating systemd-sysv 215-17+deb8u7
I: Retrieving udev 215-17+deb8u7
I: Validating udev 215-17+deb8u7
I: Retrieving initscripts 2.88dsf-59
I: Validating initscripts 2.88dsf-59
I: Retrieving sysv-rc 2.88dsf-59
I: Validating sysv-rc 2.88dsf-59
I: Retrieving sysvinit-utils 2.88dsf-59
I: Validating sysvinit-utils 2.88dsf-59
I: Retrieving tar 1.27.1-2+deb8u1
I: Validating tar 1.27.1-2+deb8u1
I: Retrieving tzdata 2017b-0+deb8u1
I: Validating tzdata 2017b-0+deb8u1
I: Retrieving libustr-1.0-1 1.0.4-3+b2
I: Validating libustr-1.0-1 1.0.4-3+b2
I: Retrieving bsdutils 1:2.25.2-6
I: Validating bsdutils 1:2.25.2-6
I: Retrieving libblkid1 2.25.2-6
I: Validating libblkid1 2.25.2-6
I: Retrieving libmount1 2.25.2-6
I: Validating libmount1 2.25.2-6
I: Retrieving libsmartcols1 2.25.2-6
I: Validating libsmartcols1 2.25.2-6
I: Retrieving libuuid1 2.25.2-6
I: Validating libuuid1 2.25.2-6
I: Retrieving mount 2.25.2-6
I: Validating mount 2.25.2-6
I: Retrieving util-linux 2.25.2-6
I: Validating util-linux 2.25.2-6
I: Retrieving liblzma5 5.1.1alpha+20120614-2+b3
I: Validating liblzma5 5.1.1alpha+20120614-2+b3
I: Retrieving zlib1g 1:1.2.8.dfsg-2+b1
I: Validating zlib1g 1:1.2.8.dfsg-2+b1
I: Chosen extractor for .deb packages: dpkg-deb
I: Extracting acl...
I: Extracting libacl1...
I: Extracting adduser...
I: Extracting libattr1...
I: Extracting libaudit-common...
I: Extracting libaudit1...
I: Extracting base-files...
I: Extracting base-passwd...
I: Extracting bash...
I: Extracting libbz2-1.0...
I: Extracting libdebconfclient0...
I: Extracting coreutils...
I: Extracting libcryptsetup4...
I: Extracting dash...
I: Extracting libdb5.3...
I: Extracting debconf...
I: Extracting debconf-i18n...
I: Extracting debianutils...
I: Extracting diffutils...
I: Extracting dpkg...
I: Extracting e2fslibs...
I: Extracting e2fsprogs...
I: Extracting libcomerr2...
I: Extracting libss2...
I: Extracting findutils...
I: Extracting gcc-4.8-base...
I: Extracting gcc-4.9-base...
I: Extracting libgcc1...
I: Extracting libc-bin...
I: Extracting libc6...
I: Extracting multiarch-support...
I: Extracting grep...
I: Extracting gzip...
I: Extracting hostname...
I: Extracting init...
I: Extracting insserv...
I: Extracting libkmod2...
I: Extracting libcap2...
I: Extracting libcap2-bin...
I: Extracting libgcrypt20...
I: Extracting libgpg-error0...
I: Extracting liblocale-gettext-perl...
I: Extracting libselinux1...
I: Extracting libsemanage-common...
I: Extracting libsemanage1...
I: Extracting libsepol1...
I: Extracting libtext-charwidth-perl...
I: Extracting libtext-iconv-perl...
I: Extracting libtext-wrapi18n-perl...
I: Extracting lsb-base...
I: Extracting dmsetup...
I: Extracting libdevmapper1.02.1...
I: Extracting mawk...
I: Extracting libncurses5...
I: Extracting libncursesw5...
I: Extracting libtinfo5...
I: Extracting ncurses-base...
I: Extracting ncurses-bin...
I: Extracting libpam-modules...
I: Extracting libpam-modules-bin...
I: Extracting libpam-runtime...
I: Extracting libpam0g...
I: Extracting libpcre3...
I: Extracting perl-base...
I: Extracting libprocps3...
I: Extracting procps...
I: Extracting sed...
I: Extracting sensible-utils...
I: Extracting login...
I: Extracting passwd...
I: Extracting libslang2...
I: Extracting startpar...
I: Extracting libsystemd0...
I: Extracting libudev1...
I: Extracting systemd...
I: Extracting systemd-sysv...
I: Extracting udev...
I: Extracting initscripts...
I: Extracting sysv-rc...
I: Extracting sysvinit-utils...
I: Extracting tar...
I: Extracting tzdata...
I: Extracting libustr-1.0-1...
I: Extracting bsdutils...
I: Extracting libblkid1...
I: Extracting libmount1...
I: Extracting libsmartcols1...
I: Extracting libuuid1...
I: Extracting mount...
I: Extracting util-linux...
I: Extracting liblzma5...
I: Extracting zlib1g...
I: Installing core packages...
I: Unpacking required packages...
I: Unpacking acl...
I: Unpacking libacl1:amd64...
I: Unpacking adduser...
I: Unpacking libattr1:amd64...
I: Unpacking libaudit-common...
I: Unpacking libaudit1:amd64...
I: Unpacking base-files...
I: Unpacking base-passwd...
I: Unpacking bash...
I: Unpacking libbz2-1.0:amd64...
I: Unpacking libdebconfclient0:amd64...
I: Unpacking coreutils...
I: Unpacking libcryptsetup4:amd64...
I: Unpacking dash...
I: Unpacking libdb5.3:amd64...
I: Unpacking debconf...
I: Unpacking debconf-i18n...
I: Unpacking debianutils...
I: Unpacking diffutils...
I: Unpacking dpkg...
I: Unpacking e2fslibs:amd64...
I: Unpacking e2fsprogs...
I: Unpacking libcomerr2:amd64...
I: Unpacking libss2:amd64...
I: Unpacking findutils...
I: Unpacking gcc-4.8-base:amd64...
I: Unpacking gcc-4.9-base:amd64...
I: Unpacking libgcc1:amd64...
I: Unpacking libc-bin...
I: Unpacking libc6:amd64...
I: Unpacking multiarch-support...
I: Unpacking grep...
I: Unpacking gzip...
I: Unpacking hostname...
I: Unpacking init...
I: Unpacking insserv...
I: Unpacking libkmod2:amd64...
I: Unpacking libcap2:amd64...
I: Unpacking libcap2-bin...
I: Unpacking libgcrypt20:amd64...
I: Unpacking libgpg-error0:amd64...
I: Unpacking liblocale-gettext-perl...
I: Unpacking libselinux1:amd64...
I: Unpacking libsemanage-common...
I: Unpacking libsemanage1:amd64...
I: Unpacking libsepol1:amd64...
I: Unpacking libtext-charwidth-perl...
I: Unpacking libtext-iconv-perl...
I: Unpacking libtext-wrapi18n-perl...
I: Unpacking lsb-base...
I: Unpacking dmsetup...
I: Unpacking libdevmapper1.02.1:amd64...
I: Unpacking mawk...
I: Unpacking libncurses5:amd64...
I: Unpacking libncursesw5:amd64...
I: Unpacking libtinfo5:amd64...
I: Unpacking ncurses-base...
I: Unpacking ncurses-bin...
I: Unpacking libpam-modules:amd64...
I: Unpacking libpam-modules-bin...
I: Unpacking libpam-runtime...
I: Unpacking libpam0g:amd64...
I: Unpacking libpcre3:amd64...
I: Unpacking perl-base...
I: Unpacking libprocps3:amd64...
I: Unpacking procps...
I: Unpacking sed...
I: Unpacking sensible-utils...
I: Unpacking login...
I: Unpacking passwd...
I: Unpacking libslang2:amd64...
I: Unpacking startpar...
I: Unpacking libsystemd0:amd64...
I: Unpacking libudev1:amd64...
I: Unpacking systemd...
I: Unpacking systemd-sysv...
I: Unpacking udev...
I: Unpacking initscripts...
I: Unpacking sysv-rc...
I: Unpacking sysvinit-utils...
I: Unpacking tar...
I: Unpacking tzdata...
I: Unpacking libustr-1.0-1:amd64...
I: Unpacking bsdutils...
I: Unpacking libblkid1:amd64...
I: Unpacking libmount1:amd64...
I: Unpacking libsmartcols1:amd64...
I: Unpacking libuuid1:amd64...
I: Unpacking mount...
I: Unpacking util-linux...
I: Unpacking liblzma5:amd64...
I: Unpacking zlib1g:amd64...
I: Configuring required packages...
I: Configuring gcc-4.8-base:amd64...
I: Configuring lsb-base...
I: Configuring sensible-utils...
I: Configuring ncurses-base...
I: Configuring libsemanage-common...
I: Configuring gcc-4.9-base:amd64...
I: Configuring libaudit-common...
I: Configuring libc6:amd64...
I: Configuring startpar...
I: Configuring libc-bin...
I: Configuring diffutils...
I: Configuring insserv...
I: Configuring findutils...
I: Configuring debianutils...
I: Configuring hostname...
I: Configuring multiarch-support...
I: Configuring mawk...
I: Configuring libprocps3:amd64...
I: Configuring libpcre3:amd64...
I: Configuring libbz2-1.0:amd64...
I: Configuring libkmod2:amd64...
I: Configuring libgpg-error0:amd64...
I: Configuring base-files...
I: Configuring libdebconfclient0:amd64...
I: Configuring libselinux1:amd64...
I: Configuring libcomerr2:amd64...
I: Configuring libslang2:amd64...
I: Configuring libsepol1:amd64...
I: Configuring libgcc1:amd64...
I: Configuring libustr-1.0-1:amd64...
I: Configuring libsmartcols1:amd64...
I: Configuring libaudit1:amd64...
I: Configuring libtinfo5:amd64...
I: Configuring libudev1:amd64...
I: Configuring libattr1:amd64...
I: Configuring libss2:amd64...
I: Configuring liblzma5:amd64...
I: Configuring base-passwd...
I: Configuring e2fslibs:amd64...
I: Configuring libgcrypt20:amd64...
I: Configuring libncursesw5:amd64...
I: Configuring libdb5.3:amd64...
I: Configuring zlib1g:amd64...
I: Configuring libcap2:amd64...
I: Configuring libsystemd0:amd64...
I: Configuring libdevmapper1.02.1:amd64...
I: Configuring libsemanage1:amd64...
I: Configuring sysvinit-utils...
I: Configuring libacl1:amd64...
I: Configuring ncurses-bin...
I: Configuring acl...
I: Configuring libncurses5:amd64...
I: Configuring libcap2-bin...
I: Configuring bsdutils...
I: Configuring coreutils...
I: Configuring tar...
I: Configuring dpkg...
I: Configuring sed...
I: Configuring perl-base...
I: Configuring grep...
I: Configuring debconf...
I: Configuring tzdata...
I: Configuring gzip...
I: Configuring dash...
I: Configuring libtext-iconv-perl...
I: Configuring sysv-rc...
I: Configuring liblocale-gettext-perl...
I: Configuring libtext-charwidth-perl...
I: Configuring libpam0g:amd64...
I: Configuring libpam-modules-bin...
I: Configuring bash...
I: Configuring libtext-wrapi18n-perl...
I: Configuring libpam-modules:amd64...
I: Configuring libpam-runtime...
I: Configuring debconf-i18n...
I: Configuring passwd...
I: Configuring login...
I: Configuring adduser...
I: Configuring libuuid1:amd64...
I: Configuring libblkid1:amd64...
I: Configuring libmount1:amd64...
I: Configuring libcryptsetup4:amd64...
I: Configuring mount...
I: Configuring initscripts...
I: Configuring util-linux...
I: Configuring e2fsprogs...
I: Configuring procps...
I: Configuring udev...
I: Configuring systemd...
I: Configuring dmsetup...
I: Configuring systemd-sysv...
I: Configuring init...
I: Configuring libc-bin...
I: Unpacking the base system...
I: Unpacking apt...
I: Unpacking libapt-pkg4.12:amd64...
I: Unpacking debian-archive-keyring...
I: Unpacking libstdc++6:amd64...
I: Unpacking gnupg...
I: Unpacking gpgv...
I: Unpacking inetutils-ping...
I: Unpacking iproute2...
I: Unpacking libusb-0.1-4:amd64...
I: Unpacking netbase...
I: Unpacking libreadline6:amd64...
I: Unpacking readline-common...
I: Configuring the base system...
I: Configuring readline-common...
I: Configuring gpgv...
I: Configuring iproute2...
I: Configuring debian-archive-keyring...
I: Configuring libstdc++6:amd64...
I: Configuring libapt-pkg4.12:amd64...
I: Configuring libusb-0.1-4:amd64...
I: Configuring libreadline6:amd64...
I: Configuring netbase...
I: Configuring inetutils-ping...
I: Configuring gnupg...
I: Configuring apt...
I: Configuring libc-bin...
I: Base system installed successfully.
Adding 'local diversion of /sbin/initctl to /sbin/initctl.distrib'
Ign http://ftp.jp.debian.org jessie InRelease
Get:1 http://ftp.jp.debian.org jessie-updates InRelease [145 kB]
Get:2 http://security.debian.org jessie/updates InRelease [63.1 kB]
Hit http://ftp.jp.debian.org jessie Release.gpg
Get:3 http://ftp.jp.debian.org jessie-updates/main amd64 Packages [17.8 kB]
Hit http://ftp.jp.debian.org jessie Release
Get:4 http://ftp.jp.debian.org jessie/main amd64 Packages [9065 kB]
Get:5 http://security.debian.org jessie/updates/main amd64 Packages [523 kB]
Fetched 9814 kB in 30s (321 kB/s)
Reading package lists...
Reading package lists...
Building dependency tree...
The following packages will be upgraded:
  debian-archive-keyring libc-bin libc6 libgcrypt20 login multiarch-support
  passwd perl-base
8 upgraded, 0 newly installed, 0 to remove and 0 not upgraded.
Need to get 9496 kB of archives.
After this operation, 32.8 kB of additional disk space will be used.
Get:1 http://ftp.jp.debian.org/debian/ jessie-updates/main debian-archive-keyring all 2017.5~deb8u1 [56.7 kB]
Get:2 http://security.debian.org/ jessie/updates/main login amd64 1:4.2-3+deb8u4 [722 kB]
Get:3 http://security.debian.org/ jessie/updates/main perl-base amd64 5.20.2-3+deb8u7 [1227 kB]
Get:4 http://security.debian.org/ jessie/updates/main libc-bin amd64 2.19-18+deb8u10 [1281 kB]
Get:5 http://security.debian.org/ jessie/updates/main libc6 amd64 2.19-18+deb8u10 [4665 kB]
Get:6 http://security.debian.org/ jessie/updates/main libc6 amd64 2.19-18+deb8u10 [4665 kB]
Get:7 http://security.debian.org/ jessie/updates/main libgcrypt20 amd64 1.6.3-2+deb8u3 [393 kB]
Get:8 http://security.debian.org/ jessie/updates/main multiarch-support amd64 2.19-18+deb8u10 [181 kB]
Get:9 http://security.debian.org/ jessie/updates/main passwd amd64 1:4.2-3+deb8u4 [971 kB]
Fetched 6688 kB in 18min 26s (6041 B/s)
(Reading database ... 7562 files and directories currently installed.)
Preparing to unpack .../login_1%3a4.2-3+deb8u4_amd64.deb ...
Unpacking login (1:4.2-3+deb8u4) over (1:4.2-3+deb8u3) ...
Setting up login (1:4.2-3+deb8u4) ...
(Reading database ... 7562 files and directories currently installed.)
Preparing to unpack .../perl-base_5.20.2-3+deb8u7_amd64.deb ...
Unpacking perl-base (5.20.2-3+deb8u7) over (5.20.2-3+deb8u6) ...
Setting up perl-base (5.20.2-3+deb8u7) ...
(Reading database ... 7562 files and directories currently installed.)
Preparing to unpack .../libc-bin_2.19-18+deb8u10_amd64.deb ...
Unpacking libc-bin (2.19-18+deb8u10) over (2.19-18+deb8u9) ...
Setting up libc-bin (2.19-18+deb8u10) ...
(Reading database ... 7562 files and directories currently installed.)
Preparing to unpack .../libc6_2.19-18+deb8u10_amd64.deb ...
Unpacking libc6:amd64 (2.19-18+deb8u10) over (2.19-18+deb8u9) ...
Setting up libc6:amd64 (2.19-18+deb8u10) ...
Processing triggers for libc-bin (2.19-18+deb8u10) ...
(Reading database ... 7562 files and directories currently installed.)
Preparing to unpack .../libgcrypt20_1.6.3-2+deb8u3_amd64.deb ...
Unpacking libgcrypt20:amd64 (1.6.3-2+deb8u3) over (1.6.3-2+deb8u2) ...
Setting up libgcrypt20:amd64 (1.6.3-2+deb8u3) ...
Processing triggers for libc-bin (2.19-18+deb8u10) ...
(Reading database ... 7562 files and directories currently installed.)
Preparing to unpack .../debian-archive-keyring_2017.5~deb8u1_all.deb ...
Unpacking debian-archive-keyring (2017.5~deb8u1) over (2014.3) ...
Setting up debian-archive-keyring (2017.5~deb8u1) ...
Removing obsolete conffile /etc/apt/trusted.gpg.d/debian-archive-squeeze-automatic.gpg ...
Removing obsolete conffile /etc/apt/trusted.gpg.d/debian-archive-squeeze-stable.gpg ...
(Reading database ... 7563 files and directories currently installed.)
Preparing to unpack .../multiarch-support_2.19-18+deb8u10_amd64.deb ...
Unpacking multiarch-support (2.19-18+deb8u10) over (2.19-18+deb8u9) ...
Setting up multiarch-support (2.19-18+deb8u10) ...
(Reading database ... 7563 files and directories currently installed.)
Preparing to unpack .../passwd_1%3a4.2-3+deb8u4_amd64.deb ...
Unpacking passwd (1:4.2-3+deb8u4) over (1:4.2-3+deb8u3) ...
Setting up passwd (1:4.2-3+deb8u4) ...
Sending build context to Docker daemon  30.13MB
Step 1/3 : FROM scratch
 ---> 
Step 2/3 : ADD rootfs.tar.xz /
 ---> 006d6e6cce25
Removing intermediate container 423f3a32840a
Step 3/3 : CMD /bin/bash
 ---> Running in 047e24e86ba1
 ---> 1d2c34d94963
Removing intermediate container 047e24e86ba1
Successfully built 1d2c34d94963
Successfully tagged minimum2scp/debian-jessie:latest
