I: Retrieving InRelease 
I: Checking Release signature
I: Valid Release signature (key id 126C0D24BD8A2942CC7DF8AC7638D0442B90D010)
I: Retrieving Packages 
I: Validating Packages 
I: Resolving dependencies of required packages...
I: Resolving dependencies of base packages...
I: Found additional required dependencies: fdisk libaudit-common libaudit1 libbz2-1.0 libcap-ng0 libdb5.3 libdebconfclient0 libgcrypt20 libgpg-error0 liblz4-1 libncursesw5 libsemanage-common libsemanage1 libsystemd0 libudev1 
I: Found additional base dependencies: adduser debian-archive-keyring gpgv libapt-pkg5.0 libelf1 libffi6 libgmp10 libgnutls30 libhogweed4 libidn2-0 libmnl0 libnettle6 libp11-kit0 libseccomp2 libstdc++6 libtasn1-6 libunistring2 netbase 
I: Checking component main on http://ftp.jp.debian.org/debian...
I: Retrieving libacl1 2.2.52-3+b1
I: Validating libacl1 2.2.52-3+b1
I: Retrieving adduser 3.116
I: Validating adduser 3.116
I: Retrieving apt 1.6~alpha6
I: Validating apt 1.6~alpha6
I: Retrieving libapt-pkg5.0 1.6~alpha6
I: Validating libapt-pkg5.0 1.6~alpha6
I: Retrieving libattr1 1:2.4.47-2+b2
I: Validating libattr1 1:2.4.47-2+b2
I: Retrieving libaudit-common 1:2.8.2-1
I: Validating libaudit-common 1:2.8.2-1
I: Retrieving libaudit1 1:2.8.2-1
I: Validating libaudit1 1:2.8.2-1
I: Retrieving base-files 10
I: Validating base-files 10
I: Retrieving base-passwd 3.5.44
I: Validating base-passwd 3.5.44
I: Retrieving bash 4.4-5
I: Validating bash 4.4-5
I: Retrieving libbz2-1.0 1.0.6-8.1
I: Validating libbz2-1.0 1.0.6-8.1
I: Retrieving libdebconfclient0 0.237
I: Validating libdebconfclient0 0.237
I: Retrieving coreutils 8.28-1
I: Validating coreutils 8.28-1
I: Retrieving dash 0.5.8-2.5
I: Validating dash 0.5.8-2.5
I: Retrieving libdb5.3 5.3.28-13.1+b1
I: Validating libdb5.3 5.3.28-13.1+b1
I: Retrieving debconf 1.5.65
I: Validating debconf 1.5.65
I: Retrieving debian-archive-keyring 2017.7
I: Validating debian-archive-keyring 2017.7
I: Retrieving debianutils 4.8.4
I: Validating debianutils 4.8.4
I: Retrieving diffutils 1:3.6-1
I: Validating diffutils 1:3.6-1
I: Retrieving dpkg 1.19.0.4
I: Validating dpkg 1.19.0.4
I: Retrieving e2fslibs 1.43.8-2
I: Validating e2fslibs 1.43.8-2
I: Retrieving e2fsprogs 1.43.8-2
I: Validating e2fsprogs 1.43.8-2
I: Retrieving libcomerr2 1.43.8-2
I: Validating libcomerr2 1.43.8-2
I: Retrieving libss2 1.43.8-2
I: Validating libss2 1.43.8-2
I: Retrieving libelf1 0.170-0.2
I: Validating libelf1 0.170-0.2
I: Retrieving findutils 4.6.0+git+20170828-2
I: Validating findutils 4.6.0+git+20170828-2
I: Retrieving gcc-5-base 5.5.0-6
I: Validating gcc-5-base 5.5.0-6
I: Retrieving gcc-6-base 6.4.0-11
I: Validating gcc-6-base 6.4.0-11
I: Retrieving gcc-7-base 7.2.0-19
I: Validating gcc-7-base 7.2.0-19
I: Retrieving libgcc1 1:7.2.0-19
I: Validating libgcc1 1:7.2.0-19
I: Retrieving libstdc++6 7.2.0-19
I: Validating libstdc++6 7.2.0-19
I: Retrieving libc-bin 2.26-2
I: Validating libc-bin 2.26-2
I: Retrieving libc6 2.26-2
I: Validating libc6 2.26-2
I: Retrieving libgmp10 2:6.1.2+dfsg-1.1
I: Validating libgmp10 2:6.1.2+dfsg-1.1
I: Retrieving gpgv 2.2.4-1
I: Validating gpgv 2.2.4-1
I: Retrieving libgnutls30 3.5.16-1
I: Validating libgnutls30 3.5.16-1
I: Retrieving grep 3.1-2
I: Validating grep 3.1-2
I: Retrieving gzip 1.6-5+b1
I: Validating gzip 1.6-5+b1
I: Retrieving hostname 3.18+b1
I: Validating hostname 3.18+b1
I: Retrieving inetutils-ping 2:1.9.4-3
I: Validating inetutils-ping 2:1.9.4-3
I: Retrieving init-system-helpers 1.51
I: Validating init-system-helpers 1.51
I: Retrieving iproute2 4.14.1-1
I: Validating iproute2 4.14.1-1
I: Retrieving libcap-ng0 0.7.7-3.1+b1
I: Validating libcap-ng0 0.7.7-3.1+b1
I: Retrieving libffi6 3.2.1-8
I: Validating libffi6 3.2.1-8
I: Retrieving libgcrypt20 1.8.1-4
I: Validating libgcrypt20 1.8.1-4
I: Retrieving libgpg-error0 1.27-5
I: Validating libgpg-error0 1.27-5
I: Retrieving libidn2-0 2.0.4-1.1
I: Validating libidn2-0 2.0.4-1.1
I: Retrieving libmnl0 1.0.4-2
I: Validating libmnl0 1.0.4-2
I: Retrieving libseccomp2 2.3.1-2.1
I: Validating libseccomp2 2.3.1-2.1
I: Retrieving libselinux1 2.7-2
I: Validating libselinux1 2.7-2
I: Retrieving libsemanage-common 2.7-2
I: Validating libsemanage-common 2.7-2
I: Retrieving libsemanage1 2.7-2
I: Validating libsemanage1 2.7-2
I: Retrieving libsepol1 2.7-1
I: Validating libsepol1 2.7-1
I: Retrieving libtasn1-6 4.12-3
I: Validating libtasn1-6 4.12-3
I: Retrieving libunistring2 0.9.8-1
I: Validating libunistring2 0.9.8-1
I: Retrieving liblz4-1 0.0~r131-2+b1
I: Validating liblz4-1 0.0~r131-2+b1
I: Retrieving mawk 1.3.3-17+b3
I: Validating mawk 1.3.3-17+b3
I: Retrieving libncursesw5 6.0+20171125-1
I: Validating libncursesw5 6.0+20171125-1
I: Retrieving libtinfo5 6.0+20171125-1
I: Validating libtinfo5 6.0+20171125-1
I: Retrieving ncurses-base 6.0+20171125-1
I: Validating ncurses-base 6.0+20171125-1
I: Retrieving ncurses-bin 6.0+20171125-1
I: Validating ncurses-bin 6.0+20171125-1
I: Retrieving netbase 5.4
I: Validating netbase 5.4
I: Retrieving libhogweed4 3.4-1
I: Validating libhogweed4 3.4-1
I: Retrieving libnettle6 3.4-1
I: Validating libnettle6 3.4-1
I: Retrieving libp11-kit0 0.23.9-2
I: Validating libp11-kit0 0.23.9-2
I: Retrieving libpam-modules 1.1.8-3.6
I: Validating libpam-modules 1.1.8-3.6
I: Retrieving libpam-modules-bin 1.1.8-3.6
I: Validating libpam-modules-bin 1.1.8-3.6
I: Retrieving libpam-runtime 1.1.8-3.6
I: Validating libpam-runtime 1.1.8-3.6
I: Retrieving libpam0g 1.1.8-3.6
I: Validating libpam0g 1.1.8-3.6
I: Retrieving libpcre3 2:8.39-8
I: Validating libpcre3 2:8.39-8
I: Retrieving perl-base 5.26.1-3
I: Validating perl-base 5.26.1-3
I: Retrieving sed 4.4-1
I: Validating sed 4.4-1
I: Retrieving login 1:4.5-1
I: Validating login 1:4.5-1
I: Retrieving passwd 1:4.5-1
I: Validating passwd 1:4.5-1
I: Retrieving libsystemd0 236-3
I: Validating libsystemd0 236-3
I: Retrieving libudev1 236-3
I: Validating libudev1 236-3
I: Retrieving sysvinit-utils 2.88dsf-59.10
I: Validating sysvinit-utils 2.88dsf-59.10
I: Retrieving tar 1.29b-2
I: Validating tar 1.29b-2
I: Retrieving tzdata 2017c-1
I: Validating tzdata 2017c-1
I: Retrieving bsdutils 1:2.30.2-0.1
I: Validating bsdutils 1:2.30.2-0.1
I: Retrieving fdisk 2.30.2-0.1
I: Validating fdisk 2.30.2-0.1
I: Retrieving libblkid1 2.30.2-0.1
I: Validating libblkid1 2.30.2-0.1
I: Retrieving libfdisk1 2.30.2-0.1
I: Validating libfdisk1 2.30.2-0.1
I: Retrieving libmount1 2.30.2-0.1
I: Validating libmount1 2.30.2-0.1
I: Retrieving libsmartcols1 2.30.2-0.1
I: Validating libsmartcols1 2.30.2-0.1
I: Retrieving libuuid1 2.30.2-0.1
I: Validating libuuid1 2.30.2-0.1
I: Retrieving mount 2.30.2-0.1
I: Validating mount 2.30.2-0.1
I: Retrieving util-linux 2.30.2-0.1
I: Validating util-linux 2.30.2-0.1
I: Retrieving liblzma5 5.2.2-1.3
I: Validating liblzma5 5.2.2-1.3
I: Retrieving zlib1g 1:1.2.8.dfsg-5
I: Validating zlib1g 1:1.2.8.dfsg-5
I: Chosen extractor for .deb packages: dpkg-deb
I: Extracting libacl1...
I: Extracting libattr1...
I: Extracting libaudit-common...
I: Extracting libaudit1...
I: Extracting base-files...
I: Extracting base-passwd...
I: Extracting bash...
I: Extracting libbz2-1.0...
I: Extracting libdebconfclient0...
I: Extracting coreutils...
I: Extracting dash...
I: Extracting libdb5.3...
I: Extracting debconf...
I: Extracting debianutils...
I: Extracting diffutils...
I: Extracting dpkg...
I: Extracting e2fslibs...
I: Extracting e2fsprogs...
I: Extracting libcomerr2...
I: Extracting libss2...
I: Extracting findutils...
I: Extracting gcc-5-base...
I: Extracting gcc-6-base...
I: Extracting gcc-7-base...
I: Extracting libgcc1...
I: Extracting libc-bin...
I: Extracting libc6...
I: Extracting grep...
I: Extracting gzip...
I: Extracting hostname...
I: Extracting init-system-helpers...
I: Extracting libcap-ng0...
I: Extracting libgcrypt20...
I: Extracting libgpg-error0...
I: Extracting libselinux1...
I: Extracting libsemanage-common...
I: Extracting libsemanage1...
I: Extracting libsepol1...
I: Extracting liblz4-1...
I: Extracting mawk...
I: Extracting libncursesw5...
I: Extracting libtinfo5...
I: Extracting ncurses-base...
I: Extracting ncurses-bin...
I: Extracting libpam-modules...
I: Extracting libpam-modules-bin...
I: Extracting libpam-runtime...
I: Extracting libpam0g...
I: Extracting libpcre3...
I: Extracting perl-base...
I: Extracting sed...
I: Extracting login...
I: Extracting passwd...
I: Extracting libsystemd0...
I: Extracting libudev1...
I: Extracting sysvinit-utils...
I: Extracting tar...
I: Extracting tzdata...
I: Extracting bsdutils...
I: Extracting fdisk...
I: Extracting libblkid1...
I: Extracting libfdisk1...
I: Extracting libmount1...
I: Extracting libsmartcols1...
I: Extracting libuuid1...
I: Extracting mount...
I: Extracting util-linux...
I: Extracting liblzma5...
I: Extracting zlib1g...
I: Installing core packages...
I: Unpacking required packages...
I: Unpacking libacl1:amd64...
I: Unpacking libattr1:amd64...
I: Unpacking libaudit-common...
I: Unpacking libaudit1:amd64...
I: Unpacking base-files...
I: Unpacking base-passwd...
I: Unpacking bash...
I: Unpacking libbz2-1.0:amd64...
I: Unpacking libdebconfclient0:amd64...
I: Unpacking coreutils...
I: Unpacking dash...
I: Unpacking libdb5.3:amd64...
I: Unpacking debconf...
I: Unpacking debianutils...
I: Unpacking diffutils...
I: Unpacking dpkg...
I: Unpacking e2fslibs:amd64...
I: Unpacking e2fsprogs...
I: Unpacking libcomerr2:amd64...
I: Unpacking libss2:amd64...
I: Unpacking findutils...
I: Unpacking gcc-5-base:amd64...
I: Unpacking gcc-6-base:amd64...
I: Unpacking gcc-7-base:amd64...
I: Unpacking libgcc1:amd64...
I: Unpacking libc-bin...
I: Unpacking libc6:amd64...
I: Unpacking grep...
I: Unpacking gzip...
I: Unpacking hostname...
I: Unpacking init-system-helpers...
I: Unpacking libcap-ng0:amd64...
I: Unpacking libgcrypt20:amd64...
I: Unpacking libgpg-error0:amd64...
I: Unpacking libselinux1:amd64...
I: Unpacking libsemanage-common...
I: Unpacking libsemanage1:amd64...
I: Unpacking libsepol1:amd64...
I: Unpacking liblz4-1:amd64...
I: Unpacking mawk...
I: Unpacking libncursesw5:amd64...
I: Unpacking libtinfo5:amd64...
I: Unpacking ncurses-base...
I: Unpacking ncurses-bin...
I: Unpacking libpam-modules:amd64...
I: Unpacking libpam-modules-bin...
I: Unpacking libpam-runtime...
I: Unpacking libpam0g:amd64...
I: Unpacking libpcre3:amd64...
I: Unpacking perl-base...
I: Unpacking sed...
I: Unpacking login...
I: Unpacking passwd...
I: Unpacking libsystemd0:amd64...
I: Unpacking libudev1:amd64...
I: Unpacking sysvinit-utils...
I: Unpacking tar...
I: Unpacking tzdata...
I: Unpacking bsdutils...
I: Unpacking fdisk...
I: Unpacking libblkid1:amd64...
I: Unpacking libfdisk1:amd64...
I: Unpacking libmount1:amd64...
I: Unpacking libsmartcols1:amd64...
I: Unpacking libuuid1:amd64...
I: Unpacking mount...
I: Unpacking util-linux...
I: Unpacking liblzma5:amd64...
I: Unpacking zlib1g:amd64...
I: Configuring required packages...
I: Configuring gcc-6-base:amd64...
I: Configuring gcc-7-base:amd64...
I: Configuring ncurses-base...
I: Configuring libsemanage-common...
I: Configuring libaudit-common...
I: Configuring gcc-5-base:amd64...
I: Configuring libc6:amd64...
I: Configuring libpcre3:amd64...
I: Configuring libbz2-1.0:amd64...
I: Configuring libgpg-error0:amd64...
I: Configuring libc-bin...
I: Configuring libdebconfclient0:amd64...
I: Configuring libselinux1:amd64...
I: Configuring diffutils...
I: Configuring libcomerr2:amd64...
I: Configuring findutils...
I: Configuring libcap-ng0:amd64...
I: Configuring libsepol1:amd64...
I: Configuring libgcc1:amd64...
I: Configuring sed...
I: Configuring libsmartcols1:amd64...
I: Configuring libaudit1:amd64...
I: Configuring libtinfo5:amd64...
I: Configuring libudev1:amd64...
I: Configuring libattr1:amd64...
I: Configuring libss2:amd64...
I: Configuring liblzma5:amd64...
I: Configuring base-passwd...
I: Configuring e2fslibs:amd64...
I: Configuring liblz4-1:amd64...
I: Configuring debianutils...
I: Configuring libgcrypt20:amd64...
I: Configuring libncursesw5:amd64...
I: Configuring libuuid1:amd64...
I: Configuring libdb5.3:amd64...
I: Configuring zlib1g:amd64...
I: Configuring hostname...
I: Configuring mawk...
I: Configuring libsystemd0:amd64...
I: Configuring libblkid1:amd64...
I: Configuring base-files...
I: Configuring libsemanage1:amd64...
I: Configuring libmount1:amd64...
I: Configuring libacl1:amd64...
I: Configuring ncurses-bin...
I: Configuring bsdutils...
I: Configuring libfdisk1:amd64...
I: Configuring coreutils...
I: Configuring e2fsprogs...
I: Configuring tar...
I: Configuring dpkg...
I: Configuring fdisk...
I: Configuring perl-base...
I: Configuring grep...
I: Configuring debconf...
I: Configuring tzdata...
I: Configuring gzip...
I: Configuring dash...
I: Configuring init-system-helpers...
I: Configuring libpam0g:amd64...
I: Configuring util-linux...
I: Configuring libpam-modules-bin...
I: Configuring bash...
I: Configuring mount...
I: Configuring sysvinit-utils...
I: Configuring libpam-modules:amd64...
I: Configuring libpam-runtime...
I: Configuring passwd...
I: Configuring login...
I: Configuring libc-bin...
I: Unpacking the base system...
I: Unpacking adduser...
I: Unpacking apt...
I: Unpacking libapt-pkg5.0:amd64...
I: Unpacking debian-archive-keyring...
I: Unpacking libelf1:amd64...
I: Unpacking libstdc++6:amd64...
I: Unpacking libgmp10:amd64...
I: Unpacking gpgv...
I: Unpacking libgnutls30:amd64...
I: Unpacking inetutils-ping...
I: Unpacking iproute2...
I: Unpacking libffi6:amd64...
I: Unpacking libidn2-0:amd64...
I: Unpacking libmnl0:amd64...
I: Unpacking libseccomp2:amd64...
I: Unpacking libtasn1-6:amd64...
I: Unpacking libunistring2:amd64...
I: Unpacking netbase...
I: Unpacking libhogweed4:amd64...
I: Unpacking libnettle6:amd64...
I: Unpacking libp11-kit0:amd64...
I: Configuring the base system...
I: Configuring libunistring2:amd64...
I: Configuring libnettle6:amd64...
I: Configuring libidn2-0:amd64...
I: Configuring libelf1:amd64...
I: Configuring gpgv...
I: Configuring libtasn1-6:amd64...
I: Configuring libgmp10:amd64...
I: Configuring libseccomp2:amd64...
I: Configuring debian-archive-keyring...
I: Configuring libstdc++6:amd64...
I: Configuring libffi6:amd64...
I: Configuring adduser...
I: Configuring libmnl0:amd64...
I: Configuring netbase...
I: Configuring libapt-pkg5.0:amd64...
I: Configuring inetutils-ping...
I: Configuring iproute2...
I: Configuring libhogweed4:amd64...
I: Configuring libp11-kit0:amd64...
I: Configuring libgnutls30:amd64...
I: Configuring apt...
I: Configuring libc-bin...
I: Base system installed successfully.
Adding 'local diversion of /sbin/initctl to /sbin/initctl.distrib'
Get:1 http://ftp.jp.debian.org/debian sid InRelease [240 kB]
Get:2 http://ftp.jp.debian.org/debian sid/main amd64 Packages.diff/Index [27.9 kB]
Get:3 http://ftp.jp.debian.org/debian sid/main amd64 Packages 2018-01-12-0819.20.pdiff [10.2 kB]
Get:4 http://ftp.jp.debian.org/debian sid/main amd64 Packages 2018-01-12-1421.11.pdiff [9991 B]
Get:5 http://ftp.jp.debian.org/debian sid/main amd64 Packages 2018-01-12-2023.32.pdiff [9204 B]
Get:6 http://ftp.jp.debian.org/debian sid/main amd64 Packages 2018-01-13-0228.07.pdiff [3190 B]
Get:7 http://ftp.jp.debian.org/debian sid/main amd64 Packages 2018-01-13-0820.33.pdiff [12.9 kB]
Get:8 http://ftp.jp.debian.org/debian sid/main amd64 Packages 2018-01-13-1421.47.pdiff [6962 B]
Get:9 http://ftp.jp.debian.org/debian sid/main amd64 Packages 2018-01-13-2021.33.pdiff [10.1 kB]
Get:10 http://ftp.jp.debian.org/debian sid/main amd64 Packages 2018-01-14-0221.55.pdiff [5838 B]
Get:11 http://ftp.jp.debian.org/debian sid/main amd64 Packages 2018-01-14-0821.53.pdiff [3353 B]
Get:12 http://ftp.jp.debian.org/debian sid/main amd64 Packages 2018-01-14-1422.21.pdiff [18.0 kB]
Get:13 http://ftp.jp.debian.org/debian sid/main amd64 Packages 2018-01-14-2021.45.pdiff [14.0 kB]
Get:14 http://ftp.jp.debian.org/debian sid/main amd64 Packages 2018-01-15-0224.00.pdiff [5822 B]
Get:15 http://ftp.jp.debian.org/debian sid/main amd64 Packages 2018-01-15-0825.17.pdiff [1058 B]
Get:16 http://ftp.jp.debian.org/debian sid/main amd64 Packages 2018-01-15-1424.31.pdiff [11.1 kB]
Get:17 http://ftp.jp.debian.org/debian sid/main amd64 Packages 2018-01-15-2025.06.pdiff [20.3 kB]
Get:18 http://ftp.jp.debian.org/debian sid/main amd64 Packages 2018-01-16-0221.41.pdiff [19.1 kB]
Get:19 http://ftp.jp.debian.org/debian sid/main amd64 Packages 2018-01-16-0819.02.pdiff [3843 B]
Get:20 http://ftp.jp.debian.org/debian sid/main amd64 Packages 2018-01-16-1421.44.pdiff [4036 B]
Get:21 http://ftp.jp.debian.org/debian sid/main amd64 Packages 2018-01-16-2020.28.pdiff [6925 B]
Get:22 http://ftp.jp.debian.org/debian sid/main amd64 Packages 2018-01-17-0221.32.pdiff [13.8 kB]
Get:23 http://ftp.jp.debian.org/debian sid/main amd64 Packages 2018-01-17-0819.19.pdiff [8816 B]
Get:24 http://ftp.jp.debian.org/debian sid/main amd64 Packages 2018-01-17-1419.43.pdiff [6501 B]
Get:25 http://ftp.jp.debian.org/debian sid/main amd64 Packages 2018-01-17-2024.56.pdiff [5700 B]
Get:26 http://ftp.jp.debian.org/debian sid/main amd64 Packages 2018-01-18-0221.52.pdiff [6781 B]
Get:27 http://ftp.jp.debian.org/debian sid/main amd64 Packages 2018-01-18-0819.47.pdiff [3665 B]
Get:28 http://ftp.jp.debian.org/debian sid/main amd64 Packages 2018-01-18-1424.22.pdiff [29.8 kB]
Get:29 http://ftp.jp.debian.org/debian sid/main amd64 Packages 2018-01-18-2021.52.pdiff [19.3 kB]
Get:30 http://ftp.jp.debian.org/debian sid/main amd64 Packages 2018-01-19-0218.48.pdiff [25.4 kB]
Get:31 http://ftp.jp.debian.org/debian sid/main amd64 Packages 2018-01-19-0820.01.pdiff [4274 B]
Get:32 http://ftp.jp.debian.org/debian sid/main amd64 Packages 2018-01-19-1425.05.pdiff [16.6 kB]
Get:33 http://ftp.jp.debian.org/debian sid/main amd64 Packages 2018-01-19-2023.05.pdiff [12.8 kB]
Get:34 http://ftp.jp.debian.org/debian sid/main amd64 Packages 2018-01-20-0220.12.pdiff [8381 B]
Get:35 http://ftp.jp.debian.org/debian sid/main amd64 Packages 2018-01-20-0820.31.pdiff [4262 B]
Get:36 http://ftp.jp.debian.org/debian sid/main amd64 Packages 2018-01-20-1421.57.pdiff [16.8 kB]
Get:37 http://ftp.jp.debian.org/debian sid/main amd64 Packages 2018-01-20-2022.48.pdiff [29.9 kB]
Get:38 http://ftp.jp.debian.org/debian sid/main amd64 Packages 2018-01-21-0221.29.pdiff [10.6 kB]
Get:39 http://ftp.jp.debian.org/debian sid/main amd64 Packages 2018-01-21-0823.24.pdiff [13.1 kB]
Get:40 http://ftp.jp.debian.org/debian sid/main amd64 Packages 2018-01-21-1426.48.pdiff [23.2 kB]
Get:41 http://ftp.jp.debian.org/debian sid/main amd64 Packages 2018-01-21-2031.14.pdiff [29.7 kB]
Get:42 http://ftp.jp.debian.org/debian sid/main amd64 Packages 2018-01-22-0224.43.pdiff [13.0 kB]
Get:43 http://ftp.jp.debian.org/debian sid/main amd64 Packages 2018-01-22-0828.49.pdiff [4046 B]
Get:44 http://ftp.jp.debian.org/debian sid/main amd64 Packages 2018-01-22-1431.11.pdiff [28.6 kB]
Get:45 http://ftp.jp.debian.org/debian sid/main amd64 Packages 2018-01-22-2029.07.pdiff [12.1 kB]
Get:46 http://ftp.jp.debian.org/debian sid/main amd64 Packages 2018-01-23-0227.25.pdiff [8575 B]
Get:47 http://ftp.jp.debian.org/debian sid/main amd64 Packages 2018-01-23-0842.21.pdiff [6524 B]
Get:48 http://ftp.jp.debian.org/debian sid/main amd64 Packages 2018-01-23-1436.22.pdiff [22.2 kB]
Get:49 http://ftp.jp.debian.org/debian sid/main amd64 Packages 2018-01-23-2025.21.pdiff [35.2 kB]
Get:50 http://ftp.jp.debian.org/debian sid/main amd64 Packages 2018-01-24-0237.43.pdiff [23.9 kB]
Get:51 http://ftp.jp.debian.org/debian sid/main amd64 Packages 2018-01-24-0839.58.pdiff [3164 B]
Get:52 http://ftp.jp.debian.org/debian sid/main amd64 Packages 2018-01-24-1433.09.pdiff [16.7 kB]
Get:53 http://ftp.jp.debian.org/debian sid/main amd64 Packages 2018-01-24-2038.59.pdiff [46.3 kB]
Get:53 http://ftp.jp.debian.org/debian sid/main amd64 Packages 2018-01-24-2038.59.pdiff [46.3 kB]
Fetched 954 kB in 3s (361 kB/s)
Reading package lists...
Reading package lists...
Building dependency tree...
Calculating upgrade...
The following packages will be upgraded:
  apt base-files bsdutils dash dpkg fdisk gcc-6-base gcc-7-base libapt-pkg5.0
  libblkid1 libc-bin libc6 libdebconfclient0 libfdisk1 libgcc1 libgmp10
  libgnutls30 libmount1 libsmartcols1 libstdc++6 libsystemd0 libtasn1-6
  libudev1 libuuid1 mount perl-base tzdata util-linux
28 upgraded, 0 newly installed, 0 to remove and 0 not upgraded.
Need to get 14.4 MB of archives.
After this operation, 302 kB disk space will be freed.
Get:1 http://ftp.jp.debian.org/debian sid/main amd64 base-files amd64 10.1 [69.4 kB]
Get:2 http://ftp.jp.debian.org/debian sid/main amd64 bsdutils amd64 1:2.30.2-0.3 [116 kB]
Get:3 http://ftp.jp.debian.org/debian sid/main amd64 dpkg amd64 1.19.0.5 [2133 kB]
Get:4 http://ftp.jp.debian.org/debian sid/main amd64 dash amd64 0.5.8-2.9 [113 kB]
Get:5 http://ftp.jp.debian.org/debian sid/main amd64 perl-base amd64 5.26.1-4 [1389 kB]
Get:6 http://ftp.jp.debian.org/debian sid/main amd64 gcc-7-base amd64 7.2.0-20 [184 kB]
Get:7 http://ftp.jp.debian.org/debian sid/main amd64 libgcc1 amd64 1:7.2.0-20 [39.3 kB]
Get:8 http://ftp.jp.debian.org/debian sid/main amd64 libstdc++6 amd64 7.2.0-20 [392 kB]
Get:9 http://ftp.jp.debian.org/debian sid/main amd64 libc6 amd64 2.26-5 [2868 kB]
Get:10 http://ftp.jp.debian.org/debian sid/main amd64 libuuid1 amd64 2.30.2-0.3 [70.7 kB]
Get:11 http://ftp.jp.debian.org/debian sid/main amd64 libblkid1 amd64 2.30.2-0.3 [177 kB]
Get:12 http://ftp.jp.debian.org/debian sid/main amd64 libfdisk1 amd64 2.30.2-0.3 [216 kB]
Get:13 http://ftp.jp.debian.org/debian sid/main amd64 libmount1 amd64 2.30.2-0.3 [191 kB]
Get:14 http://ftp.jp.debian.org/debian sid/main amd64 libsmartcols1 amd64 2.30.2-0.3 [136 kB]
Get:15 http://ftp.jp.debian.org/debian sid/main amd64 fdisk amd64 2.30.2-0.3 [164 kB]
Get:16 http://ftp.jp.debian.org/debian sid/main amd64 util-linux amd64 2.30.2-0.3 [933 kB]
Get:17 http://ftp.jp.debian.org/debian sid/main amd64 libudev1 amd64 236-3+b1 [128 kB]
Get:18 http://ftp.jp.debian.org/debian sid/main amd64 libapt-pkg5.0 amd64 1.6~alpha7 [936 kB]
Get:19 http://ftp.jp.debian.org/debian sid/main amd64 libgmp10 amd64 2:6.1.2+dfsg-2 [254 kB]
Get:20 http://ftp.jp.debian.org/debian sid/main amd64 libtasn1-6 amd64 4.13-2 [51.8 kB]
Get:21 http://ftp.jp.debian.org/debian sid/main amd64 libgnutls30 amd64 3.5.17-1 [885 kB]
Get:22 http://ftp.jp.debian.org/debian sid/main amd64 apt amd64 1.6~alpha7 [1292 kB]
Get:23 http://ftp.jp.debian.org/debian sid/main amd64 libc-bin amd64 2.26-5 [756 kB]
Get:24 http://ftp.jp.debian.org/debian sid/main amd64 libsystemd0 amd64 236-3+b1 [271 kB]
Get:25 http://ftp.jp.debian.org/debian sid/main amd64 mount amd64 2.30.2-0.3 [169 kB]
Get:26 http://ftp.jp.debian.org/debian sid/main amd64 libdebconfclient0 amd64 0.238 [48.2 kB]
Get:27 http://ftp.jp.debian.org/debian sid/main amd64 tzdata all 2018b-1 [249 kB]
Get:28 http://ftp.jp.debian.org/debian sid/main amd64 gcc-6-base amd64 6.4.0-12 [182 kB]
Fetched 14.4 MB in 2s (7668 kB/s)
(Reading database ... 6539 files and directories currently installed.)
Preparing to unpack .../base-files_10.1_amd64.deb ...
Unpacking base-files (10.1) over (10) ...
Setting up base-files (10.1) ...
(Reading database ... 6540 files and directories currently installed.)
Preparing to unpack .../bsdutils_1%3a2.30.2-0.3_amd64.deb ...
Unpacking bsdutils (1:2.30.2-0.3) over (1:2.30.2-0.1) ...
Setting up bsdutils (1:2.30.2-0.3) ...
(Reading database ... 6540 files and directories currently installed.)
Preparing to unpack .../dpkg_1.19.0.5_amd64.deb ...
Unpacking dpkg (1.19.0.5) over (1.19.0.4) ...
Setting up dpkg (1.19.0.5) ...
(Reading database ... 6540 files and directories currently installed.)
Preparing to unpack .../dash_0.5.8-2.9_amd64.deb ...
Removing 'diversion of /bin/sh to /bin/sh.distrib by dash'
Adding 'diversion of /bin/sh to /bin/sh.distrib by bash'
Removing 'diversion of /usr/share/man/man1/sh.1.gz to /usr/share/man/man1/sh.distrib.1.gz by dash'
Adding 'diversion of /usr/share/man/man1/sh.1.gz to /usr/share/man/man1/sh.distrib.1.gz by bash'
Unpacking dash (0.5.8-2.9) over (0.5.8-2.5) ...
Setting up dash (0.5.8-2.9) ...
(Reading database ... 6540 files and directories currently installed.)
Preparing to unpack .../perl-base_5.26.1-4_amd64.deb ...
Unpacking perl-base (5.26.1-4) over (5.26.1-3) ...
Setting up perl-base (5.26.1-4) ...
(Reading database ... 6540 files and directories currently installed.)
Preparing to unpack .../gcc-7-base_7.2.0-20_amd64.deb ...
Unpacking gcc-7-base:amd64 (7.2.0-20) over (7.2.0-19) ...
Setting up gcc-7-base:amd64 (7.2.0-20) ...
(Reading database ... 6540 files and directories currently installed.)
Preparing to unpack .../libgcc1_1%3a7.2.0-20_amd64.deb ...
Unpacking libgcc1:amd64 (1:7.2.0-20) over (1:7.2.0-19) ...
Setting up libgcc1:amd64 (1:7.2.0-20) ...
(Reading database ... 6540 files and directories currently installed.)
Preparing to unpack .../libstdc++6_7.2.0-20_amd64.deb ...
Unpacking libstdc++6:amd64 (7.2.0-20) over (7.2.0-19) ...
Setting up libstdc++6:amd64 (7.2.0-20) ...
(Reading database ... 6540 files and directories currently installed.)
Preparing to unpack .../libc6_2.26-5_amd64.deb ...
Unpacking libc6:amd64 (2.26-5) over (2.26-2) ...
Setting up libc6:amd64 (2.26-5) ...
(Reading database ... 6540 files and directories currently installed.)
Preparing to unpack .../libuuid1_2.30.2-0.3_amd64.deb ...
Unpacking libuuid1:amd64 (2.30.2-0.3) over (2.30.2-0.1) ...
Setting up libuuid1:amd64 (2.30.2-0.3) ...
(Reading database ... 6540 files and directories currently installed.)
Preparing to unpack .../libblkid1_2.30.2-0.3_amd64.deb ...
Unpacking libblkid1:amd64 (2.30.2-0.3) over (2.30.2-0.1) ...
Setting up libblkid1:amd64 (2.30.2-0.3) ...
(Reading database ... 6540 files and directories currently installed.)
Preparing to unpack .../libfdisk1_2.30.2-0.3_amd64.deb ...
Unpacking libfdisk1:amd64 (2.30.2-0.3) over (2.30.2-0.1) ...
Setting up libfdisk1:amd64 (2.30.2-0.3) ...
(Reading database ... 6540 files and directories currently installed.)
Preparing to unpack .../libmount1_2.30.2-0.3_amd64.deb ...
Unpacking libmount1:amd64 (2.30.2-0.3) over (2.30.2-0.1) ...
Setting up libmount1:amd64 (2.30.2-0.3) ...
(Reading database ... 6540 files and directories currently installed.)
Preparing to unpack .../libsmartcols1_2.30.2-0.3_amd64.deb ...
Unpacking libsmartcols1:amd64 (2.30.2-0.3) over (2.30.2-0.1) ...
Setting up libsmartcols1:amd64 (2.30.2-0.3) ...
(Reading database ... 6540 files and directories currently installed.)
Preparing to unpack .../fdisk_2.30.2-0.3_amd64.deb ...
Unpacking fdisk (2.30.2-0.3) over (2.30.2-0.1) ...
Setting up fdisk (2.30.2-0.3) ...
(Reading database ... 6540 files and directories currently installed.)
Preparing to unpack .../util-linux_2.30.2-0.3_amd64.deb ...
Unpacking util-linux (2.30.2-0.3) over (2.30.2-0.1) ...
Setting up util-linux (2.30.2-0.3) ...
(Reading database ... 6546 files and directories currently installed.)
Preparing to unpack .../libudev1_236-3+b1_amd64.deb ...
Unpacking libudev1:amd64 (236-3+b1) over (236-3) ...
Setting up libudev1:amd64 (236-3+b1) ...
(Reading database ... 6547 files and directories currently installed.)
Preparing to unpack .../libapt-pkg5.0_1.6~alpha7_amd64.deb ...
Unpacking libapt-pkg5.0:amd64 (1.6~alpha7) over (1.6~alpha6) ...
Setting up libapt-pkg5.0:amd64 (1.6~alpha7) ...
(Reading database ... 6547 files and directories currently installed.)
Preparing to unpack .../libgmp10_2%3a6.1.2+dfsg-2_amd64.deb ...
Unpacking libgmp10:amd64 (2:6.1.2+dfsg-2) over (2:6.1.2+dfsg-1.1) ...
Setting up libgmp10:amd64 (2:6.1.2+dfsg-2) ...
(Reading database ... 6547 files and directories currently installed.)
Preparing to unpack .../libtasn1-6_4.13-2_amd64.deb ...
Unpacking libtasn1-6:amd64 (4.13-2) over (4.12-3) ...
Setting up libtasn1-6:amd64 (4.13-2) ...
(Reading database ... 6547 files and directories currently installed.)
Preparing to unpack .../libgnutls30_3.5.17-1_amd64.deb ...
Unpacking libgnutls30:amd64 (3.5.17-1) over (3.5.16-1) ...
Setting up libgnutls30:amd64 (3.5.17-1) ...
(Reading database ... 6547 files and directories currently installed.)
Preparing to unpack .../apt_1.6~alpha7_amd64.deb ...
Unpacking apt (1.6~alpha7) over (1.6~alpha6) ...
Setting up apt (1.6~alpha7) ...
Installing new version of config file /etc/cron.daily/apt-compat ...
(Reading database ... 6547 files and directories currently installed.)
Preparing to unpack .../libc-bin_2.26-5_amd64.deb ...
Unpacking libc-bin (2.26-5) over (2.26-2) ...
Setting up libc-bin (2.26-5) ...
(Reading database ... 6547 files and directories currently installed.)
Preparing to unpack .../libsystemd0_236-3+b1_amd64.deb ...
Unpacking libsystemd0:amd64 (236-3+b1) over (236-3) ...
Setting up libsystemd0:amd64 (236-3+b1) ...
(Reading database ... 6548 files and directories currently installed.)
Preparing to unpack .../mount_2.30.2-0.3_amd64.deb ...
Unpacking mount (2.30.2-0.3) over (2.30.2-0.1) ...
Preparing to unpack .../libdebconfclient0_0.238_amd64.deb ...
Unpacking libdebconfclient0:amd64 (0.238) over (0.237) ...
Setting up libdebconfclient0:amd64 (0.238) ...
(Reading database ... 6548 files and directories currently installed.)
Preparing to unpack .../tzdata_2018b-1_all.deb ...
Unpacking tzdata (2018b-1) over (2017c-1) ...
Preparing to unpack .../gcc-6-base_6.4.0-12_amd64.deb ...
Unpacking gcc-6-base:amd64 (6.4.0-12) over (6.4.0-11) ...
Setting up tzdata (2018b-1) ...
Setting up gcc-6-base:amd64 (6.4.0-12) ...
Setting up mount (2.30.2-0.3) ...
Processing triggers for libc-bin (2.26-5) ...
Sending build context to Docker daemon  29.05MB
Step 1/3 : FROM scratch
 ---> 
Step 2/3 : ADD rootfs.tar.xz /
 ---> 4dcfe8f7038f
Step 3/3 : CMD ["/bin/bash"]
 ---> Running in 89a19773b3f8
Removing intermediate container 89a19773b3f8
 ---> 817c32f5d25b
Successfully built 817c32f5d25b
Successfully tagged minimum2scp/debian:latest
