I: Target architecture can be executed
I: Retrieving InRelease 
I: Checking Release signature
I: Valid Release signature (key id 6D33866EDD8FFA41C0143AEDDCC9EFBF77E11517)
I: Retrieving Packages 
I: Validating Packages 
I: Resolving dependencies of required packages...
I: Resolving dependencies of base packages...
I: Checking component main on http://deb.debian.org/debian...
I: Validating adduser 3.118
I: Validating apt 1.8.2.3
I: Validating base-files 10.3+deb10u13
I: Validating base-passwd 3.5.46
I: Validating bash 5.0-4
I: Validating bsdutils 1:2.33.1-0.1
I: Validating coreutils 8.30-3
I: Validating dash 0.5.10.2-5
I: Validating debconf 1.5.71+deb10u1
I: Validating debian-archive-keyring 2019.1+deb10u1
I: Validating debianutils 4.8.6.1
I: Validating diffutils 1:3.7-3
I: Validating dpkg 1.19.8
I: Validating e2fsprogs 1.44.5-1+deb10u3
I: Validating fdisk 2.33.1-0.1
I: Validating findutils 4.6.0+git+20190209-2
I: Validating gcc-8-base 8.3.0-6
I: Validating gpgv 2.2.12-1+deb10u2
I: Validating grep 3.3-1
I: Validating gzip 1.9-3+deb10u1
I: Validating hostname 3.21
I: Validating init-system-helpers 1.56+nmu1
I: Validating iproute2 4.20.0-2+deb10u1
I: Validating iputils-ping 3:20180629-2+deb10u2
I: Validating libacl1 2.2.53-4
I: Validating libapt-pkg5.0 1.8.2.3
I: Validating libattr1 1:2.4.48-4
I: Validating libaudit-common 1:2.8.4-3
I: Validating libaudit1 1:2.8.4-3
I: Validating libblkid1 2.33.1-0.1
I: Validating libbz2-1.0 1.0.6-9.2~deb10u1
I: Validating libc-bin 2.28-10+deb10u1
I: Validating libc6 2.28-10+deb10u1
I: Validating libcap-ng0 0.7.9-2
I: Validating libcap2 1:2.25-2
I: Validating libcap2-bin 1:2.25-2
I: Validating libcom-err2 1.44.5-1+deb10u3
I: Validating libdb5.3 5.3.28+dfsg1-0.5
I: Validating libdebconfclient0 0.249
I: Validating libelf1 0.176-1.1
I: Validating libext2fs2 1.44.5-1+deb10u3
I: Validating libfdisk1 2.33.1-0.1
I: Validating libffi6 3.2.1-9
I: Validating libgcc1 1:8.3.0-6
I: Validating libgcrypt20 1.8.4-5+deb10u1
I: Validating libgmp10 2:6.1.2+dfsg-4+deb10u1
I: Validating libgnutls30 3.6.7-4+deb10u8
I: Validating libgpg-error0 1.35-1
I: Validating libhogweed4 3.4.1-1+deb10u1
I: Validating libidn2-0 2.0.5-1+deb10u1
I: Validating liblz4-1 1.8.3-1+deb10u1
I: Validating liblzma5 5.2.4-1+deb10u1
I: Validating libmnl0 1.0.4-2
I: Validating libmount1 2.33.1-0.1
I: Validating libncursesw6 6.1+20181013-2+deb10u2
I: Validating libnettle6 3.4.1-1+deb10u1
I: Validating libp11-kit0 0.23.15-2+deb10u1
I: Validating libpam-modules 1.3.1-5
I: Validating libpam-modules-bin 1.3.1-5
I: Validating libpam-runtime 1.3.1-5
I: Validating libpam0g 1.3.1-5
I: Validating libpcre3 2:8.39-12
I: Validating libseccomp2 2.3.3-4
I: Validating libselinux1 2.8-1+b1
I: Validating libsemanage-common 2.8-2
I: Validating libsemanage1 2.8-2
I: Validating libsepol1 2.8-1
I: Validating libsmartcols1 2.33.1-0.1
I: Validating libss2 1.44.5-1+deb10u3
I: Validating libstdc++6 8.3.0-6
I: Validating libsystemd0 241-7~deb10u8
I: Validating libtasn1-6 4.13-3
I: Validating libtinfo6 6.1+20181013-2+deb10u2
I: Validating libudev1 241-7~deb10u8
I: Validating libunistring2 0.9.10-1
I: Validating libuuid1 2.33.1-0.1
I: Validating libxtables12 1.8.2-4
I: Validating libzstd1 1.3.8+dfsg-3+deb10u2
I: Validating login 1:4.5-1.1
I: Validating mawk 1.3.3-17+b3
I: Validating mount 2.33.1-0.1
I: Validating ncurses-base 6.1+20181013-2+deb10u2
I: Validating ncurses-bin 6.1+20181013-2+deb10u2
I: Validating passwd 1:4.5-1.1
I: Validating perl-base 5.28.1-6+deb10u1
I: Validating sed 4.7-1
I: Validating sysvinit-utils 2.93-8
I: Validating tar 1.30+dfsg-6
I: Validating tzdata 2021a-0+deb10u6
I: Validating util-linux 2.33.1-0.1
I: Validating zlib1g 1:1.2.11.dfsg-1+deb10u1
I: Chosen extractor for .deb packages: dpkg-deb
I: Extracting adduser...
I: Extracting apt...
I: Extracting base-files...
I: Extracting base-passwd...
I: Extracting bash...
I: Extracting bsdutils...
I: Extracting coreutils...
I: Extracting dash...
I: Extracting debconf...
I: Extracting debian-archive-keyring...
I: Extracting debianutils...
I: Extracting diffutils...
I: Extracting dpkg...
I: Extracting e2fsprogs...
I: Extracting fdisk...
I: Extracting findutils...
I: Extracting gcc-8-base...
I: Extracting gpgv...
I: Extracting grep...
I: Extracting gzip...
I: Extracting hostname...
I: Extracting init-system-helpers...
I: Extracting libacl1...
I: Extracting libapt-pkg5.0...
I: Extracting libattr1...
I: Extracting libaudit-common...
I: Extracting libaudit1...
I: Extracting libblkid1...
I: Extracting libbz2-1.0...
I: Extracting libc-bin...
I: Extracting libc6...
I: Extracting libcap-ng0...
I: Extracting libcom-err2...
I: Extracting libdb5.3...
I: Extracting libdebconfclient0...
I: Extracting libext2fs2...
I: Extracting libfdisk1...
I: Extracting libffi6...
I: Extracting libgcc1...
I: Extracting libgcrypt20...
I: Extracting libgmp10...
I: Extracting libgnutls30...
I: Extracting libgpg-error0...
I: Extracting libhogweed4...
I: Extracting libidn2-0...
I: Extracting liblz4-1...
I: Extracting liblzma5...
I: Extracting libmount1...
I: Extracting libncursesw6...
I: Extracting libnettle6...
I: Extracting libp11-kit0...
I: Extracting libpam-modules...
I: Extracting libpam-modules-bin...
I: Extracting libpam-runtime...
I: Extracting libpam0g...
I: Extracting libpcre3...
I: Extracting libseccomp2...
I: Extracting libselinux1...
I: Extracting libsemanage-common...
I: Extracting libsemanage1...
I: Extracting libsepol1...
I: Extracting libsmartcols1...
I: Extracting libss2...
I: Extracting libstdc++6...
I: Extracting libsystemd0...
I: Extracting libtasn1-6...
I: Extracting libtinfo6...
I: Extracting libudev1...
I: Extracting libunistring2...
I: Extracting libuuid1...
I: Extracting libzstd1...
I: Extracting login...
I: Extracting mawk...
I: Extracting mount...
I: Extracting ncurses-base...
I: Extracting ncurses-bin...
I: Extracting passwd...
I: Extracting perl-base...
I: Extracting sed...
I: Extracting sysvinit-utils...
I: Extracting tar...
I: Extracting tzdata...
I: Extracting util-linux...
I: Extracting zlib1g...
I: Installing core packages...
I: Unpacking required packages...
I: Unpacking adduser...
I: Unpacking apt...
I: Unpacking base-files...
I: Unpacking base-passwd...
I: Unpacking bash...
I: Unpacking bsdutils...
I: Unpacking coreutils...
I: Unpacking dash...
I: Unpacking debconf...
I: Unpacking debian-archive-keyring...
I: Unpacking debianutils...
I: Unpacking diffutils...
I: Unpacking dpkg...
I: Unpacking e2fsprogs...
I: Unpacking fdisk...
I: Unpacking findutils...
I: Unpacking gcc-8-base:amd64...
I: Unpacking gpgv...
I: Unpacking grep...
I: Unpacking gzip...
I: Unpacking hostname...
I: Unpacking init-system-helpers...
I: Unpacking libacl1:amd64...
I: Unpacking libapt-pkg5.0:amd64...
I: Unpacking libattr1:amd64...
I: Unpacking libaudit-common...
I: Unpacking libaudit1:amd64...
I: Unpacking libblkid1:amd64...
I: Unpacking libbz2-1.0:amd64...
I: Unpacking libc-bin...
I: Unpacking libc6:amd64...
I: Unpacking libcap-ng0:amd64...
I: Unpacking libcom-err2:amd64...
I: Unpacking libdb5.3:amd64...
I: Unpacking libdebconfclient0:amd64...
I: Unpacking libext2fs2:amd64...
I: Unpacking libfdisk1:amd64...
I: Unpacking libffi6:amd64...
I: Unpacking libgcc1:amd64...
I: Unpacking libgcrypt20:amd64...
I: Unpacking libgmp10:amd64...
I: Unpacking libgnutls30:amd64...
I: Unpacking libgpg-error0:amd64...
I: Unpacking libhogweed4:amd64...
I: Unpacking libidn2-0:amd64...
I: Unpacking liblz4-1:amd64...
I: Unpacking liblzma5:amd64...
I: Unpacking libmount1:amd64...
I: Unpacking libncursesw6:amd64...
I: Unpacking libnettle6:amd64...
I: Unpacking libp11-kit0:amd64...
I: Unpacking libpam-modules:amd64...
I: Unpacking libpam-modules-bin...
I: Unpacking libpam-runtime...
I: Unpacking libpam0g:amd64...
I: Unpacking libpcre3:amd64...
I: Unpacking libseccomp2:amd64...
I: Unpacking libselinux1:amd64...
I: Unpacking libsemanage-common...
I: Unpacking libsemanage1:amd64...
I: Unpacking libsepol1:amd64...
I: Unpacking libsmartcols1:amd64...
I: Unpacking libss2:amd64...
I: Unpacking libstdc++6:amd64...
I: Unpacking libsystemd0:amd64...
I: Unpacking libtasn1-6:amd64...
I: Unpacking libtinfo6:amd64...
I: Unpacking libudev1:amd64...
I: Unpacking libunistring2:amd64...
I: Unpacking libuuid1:amd64...
I: Unpacking libzstd1:amd64...
I: Unpacking login...
I: Unpacking mawk...
I: Unpacking mount...
I: Unpacking ncurses-base...
I: Unpacking ncurses-bin...
I: Unpacking passwd...
I: Unpacking perl-base...
I: Unpacking sed...
I: Unpacking sysvinit-utils...
I: Unpacking tar...
I: Unpacking tzdata...
I: Unpacking util-linux...
I: Unpacking zlib1g:amd64...
I: Configuring required packages...
I: Configuring debian-archive-keyring...
I: Configuring libaudit-common...
I: Configuring libsemanage-common...
I: Configuring ncurses-base...
I: Configuring gcc-8-base:amd64...
I: Configuring libc6:amd64...
I: Configuring libudev1:amd64...
I: Configuring libsepol1:amd64...
I: Configuring libattr1:amd64...
I: Configuring libtasn1-6:amd64...
I: Configuring debianutils...
I: Configuring mawk...
I: Configuring libdebconfclient0:amd64...
I: Configuring base-files...
I: Configuring libbz2-1.0:amd64...
I: Configuring base-passwd...
I: Configuring libdb5.3:amd64...
I: Configuring libtinfo6:amd64...
I: Configuring bash...
I: Configuring libzstd1:amd64...
I: Configuring liblzma5:amd64...
I: Configuring libgpg-error0:amd64...
I: Configuring libgcc1:amd64...
I: Configuring liblz4-1:amd64...
I: Configuring libc-bin...
I: Configuring ncurses-bin...
I: Configuring libacl1:amd64...
I: Configuring libunistring2:amd64...
I: Configuring libsmartcols1:amd64...
I: Configuring libgcrypt20:amd64...
I: Configuring zlib1g:amd64...
I: Configuring libffi6:amd64...
I: Configuring libidn2-0:amd64...
I: Configuring libcom-err2:amd64...
I: Configuring diffutils...
I: Configuring libseccomp2:amd64...
I: Configuring libsystemd0:amd64...
I: Configuring hostname...
I: Configuring libpcre3:amd64...
I: Configuring libcap-ng0:amd64...
I: Configuring libext2fs2:amd64...
I: Configuring libgmp10:amd64...
I: Configuring libp11-kit0:amd64...
I: Configuring libaudit1:amd64...
I: Configuring libuuid1:amd64...
I: Configuring libss2:amd64...
I: Configuring libncursesw6:amd64...
I: Configuring libnettle6:amd64...
I: Configuring gpgv...
I: Configuring libblkid1:amd64...
I: Configuring libstdc++6:amd64...
I: Configuring bsdutils...
I: Configuring libhogweed4:amd64...
I: Configuring e2fsprogs...
I: Configuring libselinux1:amd64...
I: Configuring libgnutls30:amd64...
I: Configuring sed...
I: Configuring libfdisk1:amd64...
I: Configuring findutils...
I: Configuring libmount1:amd64...
I: Configuring libapt-pkg5.0:amd64...
I: Configuring libsemanage1:amd64...
I: Configuring tar...
I: Configuring coreutils...
I: Configuring fdisk...
I: Configuring dpkg...
I: Configuring grep...
I: Configuring perl-base...
I: Configuring init-system-helpers...
I: Configuring gzip...
I: Configuring debconf...
I: Configuring tzdata...
I: Configuring libpam0g:amd64...
I: Configuring dash...
I: Configuring libpam-modules-bin...
I: Configuring libpam-modules:amd64...
I: Configuring passwd...
I: Configuring libpam-runtime...
I: Configuring login...
I: Configuring adduser...
I: Configuring apt...
I: Configuring util-linux...
I: Configuring mount...
I: Configuring sysvinit-utils...
I: Configuring libc-bin...
I: Unpacking the base system...
I: Unpacking iproute2...
I: Unpacking iputils-ping...
I: Unpacking libcap2:amd64...
I: Unpacking libcap2-bin...
I: Unpacking libelf1:amd64...
I: Unpacking libmnl0:amd64...
I: Unpacking libxtables12:amd64...
I: Configuring the base system...
I: Configuring libcap2:amd64...
I: Configuring libcap2-bin...
I: Configuring libmnl0:amd64...
I: Configuring libxtables12:amd64...
I: Configuring libelf1:amd64...
I: Configuring iputils-ping...
I: Configuring iproute2...
I: Configuring libc-bin...
I: Base system installed successfully.
Adding 'local diversion of /sbin/initctl to /sbin/initctl.distrib'
Hit:1 http://deb.debian.org/debian buster InRelease
Get:2 http://deb.debian.org/debian buster-updates InRelease [56.6 kB]
Get:3 http://deb.debian.org/debian buster-updates/main amd64 Packages [9745 B]
Get:4 http://security.debian.org buster/updates InRelease [34.8 kB]
Get:5 http://security.debian.org buster/updates/main amd64 Packages [684 kB]
Fetched 785 kB in 2s (389 kB/s)
Reading package lists...
Reading package lists...
Building dependency tree...
Calculating upgrade...
The following packages will be upgraded:
  debian-archive-keyring libbz2-1.0 libc-bin libc6 libgnutls30 libncursesw6
  libsystemd0 libtasn1-6 libtinfo6 libudev1 ncurses-base ncurses-bin tzdata
  zlib1g
14 upgraded, 0 newly installed, 0 to remove and 0 not upgraded.
Need to get 6959 kB of archives.
After this operation, 56.3 kB of additional disk space will be used.
Get:1 http://security.debian.org buster/updates/main amd64 ncurses-bin amd64 6.1+20181013-2+deb10u3 [407 kB]
Get:2 http://security.debian.org buster/updates/main amd64 libc6 amd64 2.28-10+deb10u2 [2869 kB]
Get:3 http://security.debian.org buster/updates/main amd64 libc-bin amd64 2.28-10+deb10u2 [793 kB]
Get:4 http://security.debian.org buster/updates/main amd64 ncurses-base all 6.1+20181013-2+deb10u3 [259 kB]
Get:5 http://security.debian.org buster/updates/main amd64 libsystemd0 amd64 241-7~deb10u10 [332 kB]
Get:6 http://security.debian.org buster/updates/main amd64 zlib1g amd64 1:1.2.11.dfsg-1+deb10u2 [90.9 kB]
Get:7 http://security.debian.org buster/updates/main amd64 debian-archive-keyring all 2019.1+deb10u2 [110 kB]
Get:8 http://security.debian.org buster/updates/main amd64 libbz2-1.0 amd64 1.0.6-9.2~deb10u2 [45.4 kB]
Get:9 http://security.debian.org buster/updates/main amd64 libudev1 amd64 241-7~deb10u10 [151 kB]
Get:10 http://security.debian.org buster/updates/main amd64 libtasn1-6 amd64 4.13-3+deb10u1 [52.0 kB]
Get:11 http://security.debian.org buster/updates/main amd64 libgnutls30 amd64 3.6.7-4+deb10u10 [1126 kB]
Get:12 http://security.debian.org buster/updates/main amd64 libtinfo6 amd64 6.1+20181013-2+deb10u3 [326 kB]
Get:13 http://security.debian.org buster/updates/main amd64 libncursesw6 amd64 6.1+20181013-2+deb10u3 [132 kB]
Get:14 http://security.debian.org buster/updates/main amd64 tzdata all 2021a-0+deb10u11 [267 kB]
Fetched 6959 kB in 0s (20.4 MB/s)
(Reading database ... 6679 files and directories currently installed.)
Preparing to unpack .../ncurses-bin_6.1+20181013-2+deb10u3_amd64.deb ...
Unpacking ncurses-bin (6.1+20181013-2+deb10u3) over (6.1+20181013-2+deb10u2) ...
Setting up ncurses-bin (6.1+20181013-2+deb10u3) ...
(Reading database ... 6679 files and directories currently installed.)
Preparing to unpack .../libc6_2.28-10+deb10u2_amd64.deb ...
Unpacking libc6:amd64 (2.28-10+deb10u2) over (2.28-10+deb10u1) ...
Setting up libc6:amd64 (2.28-10+deb10u2) ...
(Reading database ... 6679 files and directories currently installed.)
Preparing to unpack .../libc-bin_2.28-10+deb10u2_amd64.deb ...
Unpacking libc-bin (2.28-10+deb10u2) over (2.28-10+deb10u1) ...
Setting up libc-bin (2.28-10+deb10u2) ...
(Reading database ... 6679 files and directories currently installed.)
Preparing to unpack .../ncurses-base_6.1+20181013-2+deb10u3_all.deb ...
Unpacking ncurses-base (6.1+20181013-2+deb10u3) over (6.1+20181013-2+deb10u2) ...
Setting up ncurses-base (6.1+20181013-2+deb10u3) ...
(Reading database ... 6679 files and directories currently installed.)
Preparing to unpack .../libsystemd0_241-7~deb10u10_amd64.deb ...
Unpacking libsystemd0:amd64 (241-7~deb10u10) over (241-7~deb10u8) ...
Setting up libsystemd0:amd64 (241-7~deb10u10) ...
(Reading database ... 6679 files and directories currently installed.)
Preparing to unpack .../zlib1g_1%3a1.2.11.dfsg-1+deb10u2_amd64.deb ...
Unpacking zlib1g:amd64 (1:1.2.11.dfsg-1+deb10u2) over (1:1.2.11.dfsg-1+deb10u1) ...
Setting up zlib1g:amd64 (1:1.2.11.dfsg-1+deb10u2) ...
(Reading database ... 6679 files and directories currently installed.)
Preparing to unpack .../debian-archive-keyring_2019.1+deb10u2_all.deb ...
Unpacking debian-archive-keyring (2019.1+deb10u2) over (2019.1+deb10u1) ...
Setting up debian-archive-keyring (2019.1+deb10u2) ...
(Reading database ... 6685 files and directories currently installed.)
Preparing to unpack .../libbz2-1.0_1.0.6-9.2~deb10u2_amd64.deb ...
Unpacking libbz2-1.0:amd64 (1.0.6-9.2~deb10u2) over (1.0.6-9.2~deb10u1) ...
Setting up libbz2-1.0:amd64 (1.0.6-9.2~deb10u2) ...
(Reading database ... 6685 files and directories currently installed.)
Preparing to unpack .../libudev1_241-7~deb10u10_amd64.deb ...
Unpacking libudev1:amd64 (241-7~deb10u10) over (241-7~deb10u8) ...
Setting up libudev1:amd64 (241-7~deb10u10) ...
(Reading database ... 6685 files and directories currently installed.)
Preparing to unpack .../libtasn1-6_4.13-3+deb10u1_amd64.deb ...
Unpacking libtasn1-6:amd64 (4.13-3+deb10u1) over (4.13-3) ...
Setting up libtasn1-6:amd64 (4.13-3+deb10u1) ...
(Reading database ... 6685 files and directories currently installed.)
Preparing to unpack .../libgnutls30_3.6.7-4+deb10u10_amd64.deb ...
Unpacking libgnutls30:amd64 (3.6.7-4+deb10u10) over (3.6.7-4+deb10u8) ...
Setting up libgnutls30:amd64 (3.6.7-4+deb10u10) ...
(Reading database ... 6685 files and directories currently installed.)
Preparing to unpack .../libtinfo6_6.1+20181013-2+deb10u3_amd64.deb ...
Unpacking libtinfo6:amd64 (6.1+20181013-2+deb10u3) over (6.1+20181013-2+deb10u2) ...
Setting up libtinfo6:amd64 (6.1+20181013-2+deb10u3) ...
(Reading database ... 6685 files and directories currently installed.)
Preparing to unpack .../libncursesw6_6.1+20181013-2+deb10u3_amd64.deb ...
Unpacking libncursesw6:amd64 (6.1+20181013-2+deb10u3) over (6.1+20181013-2+deb10u2) ...
Setting up libncursesw6:amd64 (6.1+20181013-2+deb10u3) ...
(Reading database ... 6685 files and directories currently installed.)
Preparing to unpack .../tzdata_2021a-0+deb10u11_all.deb ...
Unpacking tzdata (2021a-0+deb10u11) over (2021a-0+deb10u6) ...
Setting up tzdata (2021a-0+deb10u11) ...
Processing triggers for libc-bin (2.28-10+deb10u2) ...
